# SEGGER J-Link RTT Viewer V7.60a Terminal Log File
# Compiled: 10:42:16 on Dec 16 2021
# Logging started @ 19 Jun 2022 12:24:22
00> 0.4250
00> 
00> 4714
00> G0.3273
00> 88
00> 0.6677
00> 0.6758
00> 0.6791
00> 0.6772
00> 0.6711
00> 0.6597
00> 0.6611
00> 0.6717
00> 0.6775
00> 0.6784
00> 0.6755
00> 0.6677
00> 0.6553
00> 0.6116
00> 0.5727
00> 0.5218
00> 0.4712
00> 0.4213
00> 0.3729
00> 0.3396
00> 0.3289
00> 0.3235
00> 0.3212
00> 0.3238
00> 0.3314
00> 0.3434
00> 0.3340
00> 0.3267
00> 0.3216
00> 0.3217
00> 0.3263
00> 0.3357
00> 0.3573
00> 0.4049
00> 0.4530
00> 0.5035
00> 0.5433
00> 0.5538
00> 0.5935
00> 0.6403
00> 0.6637
00> 0.6735
00> 0.6782
00> 0.6786
00> 0.6737
00> 0.6643
00> 0.6585
00> 0.6680
00> 0.6762
00> 0.6788
00> 0.6772
00> 0.6704
00> 0.6588
00> 0.6226
00> 0.5764
00> 0.5266
00> 0.4761
00> 0.4356
00> 0.3872
00> 0.3438
00> 0.3319
00> 0.3237
00> 0.3211
00> 0.3212
00> 0.3222
00> 0.3233
00> 0.3285
00> 0.3390
00> 0.3373
00> 0.3275
00> 0.3219
00> 0.3215
00> 0.3252
00> 0.3342
00> 0.3444
00> 0.3514
00> 0.3884
00> 0.4369
00> 0.4880
00> 0.5375
00> 0.5879
00> 0.6368
00> 0.6604
00> 0.6626
00> 0.6713
00> 0.6773
00> 0.6787
00> 0.6752
00> 0.6672
00> 0.6553
00> 0.6675
00> 0.6755
00> 0.6784
00> 0.6778
00> 0.6726
00> 0.6625
00> 0.6374
00> 0.5877
00> 0.5382
00> 0.4964
00> 0.4460
00> 0.3963
00> 0.3511
00> 0.3337
00> 0.3251
00> 0.3214
00> 0.3223
00> 0.3263
00> 0.3352
00> 0.3420
00> 0.3289
00> 0.3237
00> 0.3212
00> 0.3236
00> 0.3305
00> 0.3420
00> 0.3812
00> 0.4283
00> 0.4686
00> 0.5191
00> 0.5682
00> 0.6148
00> 0.6565
00> 0.6685
00> 0.6758
00> 0.6785
00> 0.6771
00> 0.6707
00> 0.6600
00> 0.6635
00> 0.6708
00> 0.6726
00> 0.6778
00> 0.6788
00> 0.6757
00> 0.6684
00> 0.6567
00> 0.6152
00> 0.5679
00> 0.5188
00> 0.4692
00> 0.4205
00> 0.3744
00> 0.3406
00> 0.3294
00> 0.3230
00> 0.3212
00> 0.3233
00> 0.3298
00> 0.3405
00> 0.3364
00> 0.3268
00> 0.3219
00> 0.3217
00> 0.3261
00> 0.3350
00> 0.3533
00> 0.3992
00> 0.4377
00> 0.4870
00> 0.5385
00> 0.5870
00> 0.6342
00> 0.6619
00> 0.6716
00> 0.6774
00> 0.6787
00> 0.6755
00> 0.6691
00> 0.6569
00> 0.6662
00> 0.6743
00> 0.6785
00> 0.6782
00> 0.6776
00> 0.6733
00> 0.6641
00> 0.6426
00> 0.5978
00> 0.5469
00> 0.4964
00> 0.4480
00> 0.4000
00> 0.3545
00> 0.3352
00> 0.3273
00> 0.3221
00> 0.3215
00> 0.3254
00> 0.3342
00> 0.3433
00> 0.3314
00> 0.3242
00> 0.3213
00> 0.3225
00> 0.3289
00> 0.3394
00> 0.3714
00> 0.4180
00> 0.4570
00> 0.5075
00> 0.5577
00> 0.6066
00> 0.6515
00> 0.6663
00> 0.6748
00> 0.6786
00> 0.6778
00> 0.6738
00> 0.6645
00> 0.6583
00> 0.6698
00> 0.6769
00> 0.6788
00> 0.6762
00> 0.6693
00> 0.6577
00> 0.6284
00> 0.5801
00> 0.5314
00> 0.4828
00> 0.4337
00> 0.3854
00> 0.3429
00> 0.3314
00> 0.3252
00> 0.3214
00> 0.3225
00> 0.3282
00> 0.3388
00> 0.3380
00> 0.3284
00> 0.3225
00> 0.3214
00> 0.3249
00> 0.3312
00> 0.3433
00> 0.3855
00> 0.4321
00> 0.4813
00> 0.5318
00> 0.5815
00> 0.6290
00> 0.6607
00> 0.6710
00> 0.6772
00> 0.6787
00> 0.6756
00> 0.6698
00> 0.6584
00> 0.6646
00> 0.6737
00> 0.6783
00> 0.6782
00> 0.6732
00> 0.6660
00> 0.6480
00> 0.6015
00> 0.5535
00> 0.5032
00> 0.4624
00> 0.4137
00> 0.3675
00> 0.3386
00> 0.3279
00> 0.3224
00> 0.3214
00> 0.3248
00> 0.3328
00> 0.3448
00> 0.3333
00> 0.3251
00> 0.3215
00> 0.3218
00> 0.3259
00> 0.3353
00> 0.3555
00> 0.4013
00> 0.4494

# Logging stopped @ 19 Jun 2022 12:24:35
